Determining if the pthread_create exist failed with the following output:
Change Dir: /cse/home/rwu/Desktop/fire_sim_comb/firesim/build/CMakeFiles/CMakeTmp

Run Build Command:"/usr/bin/make" "cmTC_29d1b/fast"
/usr/bin/make -f CMakeFiles/cmTC_29d1b.dir/build.make CMakeFiles/cmTC_29d1b.dir/build
make[1]: Entering directory '/cse/home/rwu/Desktop/fire_sim_comb/firesim/build/CMakeFiles/CMakeTmp'
Building C object CMakeFiles/cmTC_29d1b.dir/CheckSymbolExists.c.o
/usr/bin/cc    -fPIC    -o CMakeFiles/cmTC_29d1b.dir/CheckSymbolExists.c.o   -c /cse/home/rwu/Desktop/fire_sim_comb/firesim/build/CMakeFiles/CMakeTmp/CheckSymbolExists.c
Linking C executable cmTC_29d1b
/usr/bin/cmake -E cmake_link_script CMakeFiles/cmTC_29d1b.dir/link.txt --verbose=1
/usr/bin/cc  -fPIC     CMakeFiles/cmTC_29d1b.dir/CheckSymbolExists.c.o  -o cmTC_29d1b -rdynamic 
CMakeFiles/cmTC_29d1b.dir/CheckSymbolExists.c.o: In function `main':
CheckSymbolExists.c:(.text+0x1b): undefined reference to `pthread_create'
collect2: error: ld returned 1 exit status
CMakeFiles/cmTC_29d1b.dir/build.make:97: recipe for target 'cmTC_29d1b' failed
make[1]: *** [cmTC_29d1b] Error 1
make[1]: Leaving directory '/cse/home/rwu/Desktop/fire_sim_comb/firesim/build/CMakeFiles/CMakeTmp'
Makefile:126: recipe for target 'cmTC_29d1b/fast' failed
make: *** [cmTC_29d1b/fast] Error 2

File /cse/home/rwu/Desktop/fire_sim_comb/firesim/build/CMakeFiles/CMakeTmp/CheckSymbolExists.c:
/* */
#include <pthread.h>

int main(int argc, char** argv)
{
  (void)argv;
#ifndef pthread_create
  return ((int*)(&pthread_create))[argc];
#else
  (void)argc;
  return 0;
#endif
}

Determining if the function pthread_create exists in the pthreads failed with the following output:
Change Dir: /cse/home/rwu/Desktop/fire_sim_comb/firesim/build/CMakeFiles/CMakeTmp

Run Build Command:"/usr/bin/make" "cmTC_bafa5/fast"
/usr/bin/make -f CMakeFiles/cmTC_bafa5.dir/build.make CMakeFiles/cmTC_bafa5.dir/build
make[1]: Entering directory '/cse/home/rwu/Desktop/fire_sim_comb/firesim/build/CMakeFiles/CMakeTmp'
Building C object CMakeFiles/cmTC_bafa5.dir/CheckFunctionExists.c.o
/usr/bin/cc    -fPIC -DCHECK_FUNCTION_EXISTS=pthread_create   -o CMakeFiles/cmTC_bafa5.dir/CheckFunctionExists.c.o   -c /usr/share/cmake-3.5/Modules/CheckFunctionExists.c
Linking C executable cmTC_bafa5
/usr/bin/cmake -E cmake_link_script CMakeFiles/cmTC_bafa5.dir/link.txt --verbose=1
/usr/bin/cc  -fPIC -DCHECK_FUNCTION_EXISTS=pthread_create    CMakeFiles/cmTC_bafa5.dir/CheckFunctionExists.c.o  -o cmTC_bafa5 -rdynamic -lpthreads 
/usr/bin/ld: cannot find -lpthreads
collect2: error: ld returned 1 exit status
CMakeFiles/cmTC_bafa5.dir/build.make:97: recipe for target 'cmTC_bafa5' failed
make[1]: *** [cmTC_bafa5] Error 1
make[1]: Leaving directory '/cse/home/rwu/Desktop/fire_sim_comb/firesim/build/CMakeFiles/CMakeTmp'
Makefile:126: recipe for target 'cmTC_bafa5/fast' failed
make: *** [cmTC_bafa5/fast] Error 2


